
Running "psi-ngrok" task

Running "pagespeed:local" (pagespeed) task

--------------------------------------------------------

URL:       b1be72fb.ngrok.io
Strategy:  desktop
Speed:     88

CSS size                                   | 3.36 kB
HTML size                                  | 3.08 kB
Image size                                 | 29.42 kB
JavaScript size                            | 28.98 kB
CSS resources                              | 3
Hosts                                      | 7
JS resources                               | 2
Resources                                  | 13
Static resources                           | 9
Other size                                 | 42.1 kB
Total size of request bytes sent           | 1.3 kB

Enable GZIP compression                    | 0.27
Leverage browser caching                   | 2.49
Minify HTML                                | 0.06
Minimize render blocking resources         | 8
Optimize images                            | 0.98

--------------------------------------------------------


Running "pagespeed:mobile" (pagespeed) task

--------------------------------------------------------

URL:       b1be72fb.ngrok.io
Strategy:  mobile
Speed:     66
Usability: 100

CSS size                                   | 3.27 kB
HTML size                                  | 3.08 kB
Image size                                 | 29.42 kB
JavaScript size                            | 28.98 kB
CSS resources                              | 3
Hosts                                      | 7
JS resources                               | 2
Resources                                  | 13
Static resources                           | 9
Other size                                 | 29.28 kB
Total size of request bytes sent           | 1.3 kB

Enable GZIP compression                    | 0.27
Leverage browser caching                   | 3.73
Main resource server response time         | 15.9
Minify HTML                                | 0.06
Minimize render blocking resources         | 32
Optimize images                            | 0.98

--------------------------------------------------------

Warning: Threshold of 80 not met with score of 66 Use --force to continue.

Aborted due to warnings.
